Starting project at /app
React Compiler enabled
Starting Metro Bundler
The following packages should be updated for best compatibility with the installed expo version:
  expo@54.0.30 - expected version: ~54.0.33
  expo-constants@18.0.12 - expected version: ~18.0.13
  expo-file-system@18.0.12 - expected version: ~19.0.21
  expo-font@14.0.10 - expected version: ~14.0.11
  expo-router@6.0.21 - expected version: ~6.0.23
Your project may not work correctly until you install the expected versions of the packages.
Waiting on http://localhost:8081
Logs for your project will appear below.
Web node_modules/expo-router/entry.js ░░░░░░░░░░░░░░░░  0.0% (0/1)
Web node_modules/expo-router/entry.js ▓▓▓▓░░░░░░░░░░░░ 28.0% (16/94)
λ node_modules/expo-router/node/render.js ▓▓░░░░░░░░░░░░░░ 17.4% (121/290)
Web node_modules/expo-router/entry.js ▓▓▓▓▓▓▓░░░░░░░░░ 47.1% (173/252)
λ node_modules/expo-router/node/render.js ▓▓▓▓▓▓░░░░░░░░░░ 40.4% (314/494)
Web node_modules/expo-router/entry.js ▓▓▓▓▓▓▓░░░░░░░░░ 47.1% (270/399)
λ node_modules/expo-router/node/render.js ▓▓▓▓▓▓▓▓▓░░░░░░░ 61.6% (543/718)
Web node_modules/expo-router/entry.js ▓▓▓▓▓▓▓░░░░░░░░░ 49.5% (375/538)
λ node_modules/expo-router/node/render.js ▓▓▓▓▓▓▓▓▓▓▓░░░░░ 70.0% (643/774)
Web node_modules/expo-router/entry.js ▓▓▓▓▓▓▓▓▓░░░░░░░ 59.2% (544/714)
λ node_modules/expo-router/node/render.js ▓▓▓▓▓▓▓▓▓▓▓▓░░░░ 80.2% (839/937)
Web node_modules/expo-router/entry.js ▓▓▓▓▓▓▓▓▓▓▓▓░░░░ 76.5% (740/846)
λ node_modules/expo-router/node/render.js ▓▓▓▓▓▓▓▓▓▓▓▓▓▓░░ 89.8% ( 942/1000)
Web node_modules/expo-router/entry.js ▓▓▓▓▓▓▓▓▓▓▓▓▓▓░░ 90.0% ( 962/1014)
λ node_modules/expo-router/node/render.js ▓▓▓▓▓▓▓▓▓▓▓▓▓▓░░ 93.4% (1149/1189)
λ Bundled 26965ms node_modules/expo-router/node/render.js (1238 modules)
"shadow*" style props are deprecated. Use "boxShadow".
(node:4029) [DEP0040] DeprecationWarning: The `punycode` module is deprecated. Please use a userland alternative instead.
(Use `node --trace-deprecation ...` to show where the warning was created)
Web node_modules/expo-router/entry.js ▓▓▓▓▓▓▓▓▓▓▓▓▓▓▓░ 99.5% (1284/1287)
Web Bundled 30057ms node_modules/expo-router/entry.js (1287 modules)
Error: Premature close
    at onclose (node:internal/streams/end-of-stream:171:30)
    at processTicksAndRejections (node:internal/process/task_queues:84:11)
Web node_modules/expo-router/entry.js ░░░░░░░░░░░░░░░░  0.0% (0/1)
λ Bundled 48ms node_modules/expo-router/node/render.js (1 module)
"shadow*" style props are deprecated. Use "boxShadow".
Web Bundled 360ms node_modules/expo-router/entry.js (1 module)
Web node_modules/expo-router/entry.js ░░░░░░░░░░░░░░░░  0.0% (0/1)
λ Bundled 42ms node_modules/expo-router/node/render.js (1 module)
"shadow*" style props are deprecated. Use "boxShadow".
Web Bundled 692ms node_modules/expo-router/entry.js (1 module)
Web node_modules/expo-router/entry.js ▓▓▓▓▓▓░░░░░░░░░░ 37.7% (242/428)
Web node_modules/expo-router/entry.js ▓▓▓▓▓▓▓▓▓▓░░░░░░ 63.0% (551/694)
Web node_modules/expo-router/entry.js ▓▓▓▓▓▓▓▓▓▓▓▓▓░░░ 85.3% ( 945/1023)
Web Bundled 11818ms node_modules/expo-router/entry.js (1288 modules)
 LOG  [web] Logs will appear in the browser console
Web node_modules/expo-router/entry.js ░░░░░░░░░░░░░░░░  0.0% (0/1)
λ Bundled 75ms node_modules/expo-router/node/render.js (1 module)
"shadow*" style props are deprecated. Use "boxShadow".
Web Bundled 486ms node_modules/expo-router/entry.js (1 module)
Web Bundled 106ms node_modules/expo-router/entry.js (1 module)
 LOG  [web] Logs will appear in the browser console
Web node_modules/expo-router/entry.js ░░░░░░░░░░░░░░░░  0.0% (0/1)
λ Bundled 35ms node_modules/expo-router/node/render.js (1 module)
"shadow*" style props are deprecated. Use "boxShadow".
Web Bundled 358ms node_modules/expo-router/entry.js (1 module)
Web Bundled 64ms node_modules/expo-router/entry.js (1 module)
 LOG  [web] Logs will appear in the browser console
Web node_modules/expo-router/entry.js ░░░░░░░░░░░░░░░░  0.0% (0/1)
λ Bundled 36ms node_modules/expo-router/node/render.js (1 module)
"shadow*" style props are deprecated. Use "boxShadow".
Web Bundled 354ms node_modules/expo-router/entry.js (1 module)
Web Bundled 64ms node_modules/expo-router/entry.js (1 module)
 LOG  [web] Logs will appear in the browser console
Web node_modules/expo-router/entry.js ░░░░░░░░░░░░░░░░  0.0% (0/1)
λ Bundled 35ms node_modules/expo-router/node/render.js (1 module)
"shadow*" style props are deprecated. Use "boxShadow".
Web Bundled 349ms node_modules/expo-router/entry.js (1 module)
Web Bundled 69ms node_modules/expo-router/entry.js (1 module)
 LOG  [web] Logs will appear in the browser console
Web node_modules/expo-router/entry.js ░░░░░░░░░░░░░░░░  0.0% (0/1)
λ Bundled 59ms node_modules/expo-router/node/render.js (1 module)
"shadow*" style props are deprecated. Use "boxShadow".
Web Bundled 434ms node_modules/expo-router/entry.js (1 module)
Web Bundled 89ms node_modules/expo-router/entry.js (1 module)
 LOG  [web] Logs will appear in the browser console
Web node_modules/expo-router/entry.js ░░░░░░░░░░░░░░░░  0.0% (0/1)
λ Bundled 40ms node_modules/expo-router/node/render.js (1 module)
"shadow*" style props are deprecated. Use "boxShadow".
Web Bundled 350ms node_modules/expo-router/entry.js (1 module)
Web Bundled 77ms node_modules/expo-router/entry.js (1 module)
 LOG  [web] Logs will appear in the browser console
Web node_modules/expo-router/entry.js ░░░░░░░░░░░░░░░░  0.0% (0/1)
λ Bundled 63ms node_modules/expo-router/node/render.js (1 module)
"shadow*" style props are deprecated. Use "boxShadow".
Web Bundled 440ms node_modules/expo-router/entry.js (1 module)
Web Bundled 83ms node_modules/expo-router/entry.js (1 module)
 LOG  [web] Logs will appear in the browser console
Web node_modules/expo-router/entry.js ░░░░░░░░░░░░░░░░  0.0% (0/1)
λ Bundled 34ms node_modules/expo-router/node/render.js (1 module)
"shadow*" style props are deprecated. Use "boxShadow".
Web Bundled 353ms node_modules/expo-router/entry.js (1 module)
Web Bundled 53ms node_modules/expo-router/entry.js (1 module)
 LOG  [web] Logs will appear in the browser console
